# JRE version: OpenJDK Runtime Environment Temurin-21.0.10+7 (21.0.10+7) (build 21.0.10+7-LTS)
# Java VM: OpenJDK 64-Bit Server VM Temurin-21.0.10+7 (21.0.10+7-LTS, mixed mode, sharing, tiered, compressed oops, compressed class ptrs, parallel gc, windows-amd64)
GC Precious Log:
 CardTable entry size: 512
 CPUs: 8 total, 8 available
 Memory: 24413M
 Large Page Support: Disabled
 NUMA Support: Disabled
 Compressed Oops: Enabled (32-bit)
 Alignments: Space 512K, Generation 512K, Heap 2M
 Heap Min Capacity: 100M
 Heap Initial Capacity: 100M
 Heap Max Capacity: 2G
 Pre-touch: Disabled
 Parallel Workers: 8
Heap:
 PSYoungGen      total 7168K, used 7136K [0x00000000d5580000, 0x00000000d6100000, 0x0000000100000000)
  eden space 5632K, 100% used [0x00000000d5580000,0x00000000d5b00000,0x00000000d5b00000)
  from space 1536K, 97% used [0x00000000d5b80000,0x00000000d5cf8010,0x00000000d5d00000)
  to   space 3072K, 59% used [0x00000000d5e00000,0x00000000d5fc8010,0x00000000d6100000)
 ParOldGen       total 1178624K, used 1178189K [0x0000000080000000, 0x00000000c7f00000, 0x00000000d5580000)
  object space 1178624K, 99% used [0x0000000080000000,0x00000000c7e93708,0x00000000c7f00000)
 Metaspace       used 78229K, committed 79808K, reserved 1179648K
  class space    used 7823K, committed 8512K, reserved 1048576K
GC Heap History (20 events):
Event: 87.052 GC heap before
{Heap before GC invocations=1935 (full 3):
 PSYoungGen      total 5632K, used 5600K [0x00000000d5580000, 0x00000000d5f80000, 0x0000000100000000)
  eden space 4096K, 100% used [0x00000000d5580000,0x00000000d5980000,0x00000000d5980000)
  from space 1536K, 97% used [0x00000000d5b00000,0x00000000d5c78010,0x00000000d5c80000)
  to   space 3072K, 0% used [0x00000000d5c80000,0x00000000d5c80000,0x00000000d5f80000)
 ParOldGen       total 1168896K, used 1168820K [0x0000000080000000, 0x00000000c7580000, 0x00000000d5580000)
  object space 1168896K, 99% used [0x0000000080000000,0x00000000c756d030,0x00000000c7580000)
 Metaspace       used 78154K, committed 79744K, reserved 1179648K
  class space    used 7822K, committed 8512K, reserved 1048576K
}
Event: 87.056 GC heap after
{Heap after GC invocations=1935 (full 3):
 PSYoungGen      total 4608K, used 480K [0x00000000d5580000, 0x00000000d5d00000, 0x0000000100000000)
  eden space 4096K, 0% used [0x00000000d5580000,0x00000000d5580000,0x00000000d5980000)
  from space 512K, 93% used [0x00000000d5c80000,0x00000000d5cf8020,0x00000000d5d00000)
  to   space 1536K, 0% used [0x00000000d5a00000,0x00000000d5a00000,0x00000000d5b80000)
 ParOldGen       total 1170432K, used 1170372K [0x0000000080000000, 0x00000000c7700000, 0x00000000d5580000)
  object space 1170432K, 99% used [0x0000000080000000,0x00000000c76f1040,0x00000000c7700000)
 Metaspace       used 78154K, committed 79744K, reserved 1179648K
  class space    used 7822K, committed 8512K, reserved 1048576K
}
Event: 87.066 GC heap before
{Heap before GC invocations=1936 (full 3):
 PSYoungGen      total 4608K, used 4576K [0x00000000d5580000, 0x00000000d5d00000, 0x0000000100000000)
  eden space 4096K, 100% used [0x00000000d5580000,0x00000000d5980000,0x00000000d5980000)
  from space 512K, 93% used [0x00000000d5c80000,0x00000000d5cf8020,0x00000000d5d00000)
  to   space 1536K, 0% used [0x00000000d5a00000,0x00000000d5a00000,0x00000000d5b80000)
 ParOldGen       total 1170432K, used 1170372K [0x0000000080000000, 0x00000000c7700000, 0x00000000d5580000)
  object space 1170432K, 99% used [0x0000000080000000,0x00000000c76f1040,0x00000000c7700000)
 Metaspace       used 78156K, committed 79744K, reserved 1179648K
  class space    used 7823K, committed 8512K, reserved 1048576K
}
Event: 87.070 GC heap after
{Heap after GC invocations=1936 (full 3):
 PSYoungGen      total 5632K, used 448K [0x00000000d5580000, 0x00000000d5d00000, 0x0000000100000000)
  eden space 4096K, 0% used [0x00000000d5580000,0x00000000d5580000,0x00000000d5980000)
  from space 1536K, 29% used [0x00000000d5a00000,0x00000000d5a70000,0x00000000d5b80000)
  to   space 1024K, 0% used [0x00000000d5c00000,0x00000000d5c00000,0x00000000d5d00000)
 ParOldGen       total 1170944K, used 1170768K [0x0000000080000000, 0x00000000c7780000, 0x00000000d5580000)
  object space 1170944K, 99% used [0x0000000080000000,0x00000000c7754070,0x00000000c7780000)
 Metaspace       used 78156K, committed 79744K, reserved 1179648K
  class space    used 7823K, committed 8512K, reserved 1048576K
}
Event: 87.087 GC heap before
{Heap before GC invocations=1937 (full 3):
 PSYoungGen      total 5632K, used 4544K [0x00000000d5580000, 0x00000000d5d00000, 0x0000000100000000)
  eden space 4096K, 100% used [0x00000000d5580000,0x00000000d5980000,0x00000000d5980000)
  from space 1536K, 29% used [0x00000000d5a00000,0x00000000d5a70000,0x00000000d5b80000)
  to   space 1024K, 0% used [0x00000000d5c00000,0x00000000d5c00000,0x00000000d5d00000)
 ParOldGen       total 1170944K, used 1170768K [0x0000000080000000, 0x00000000c7780000, 0x00000000d5580000)
  object space 1170944K, 99% used [0x0000000080000000,0x00000000c7754070,0x00000000c7780000)
 Metaspace       used 78156K, committed 79744K, reserved 1179648K
  class space    used 7823K, committed 8512K, reserved 1048576K
}
Event: 87.090 GC heap after
{Heap after GC invocations=1937 (full 3):
 PSYoungGen      total 5120K, used 544K [0x00000000d5580000, 0x00000000d5d00000, 0x0000000100000000)
  eden space 4096K, 0% used [0x00000000d5580000,0x00000000d5580000,0x00000000d5980000)
  from space 1024K, 53% used [0x00000000d5c00000,0x00000000d5c88000,0x00000000d5d00000)
  to   space 1024K, 0% used [0x00000000d5b00000,0x00000000d5b00000,0x00000000d5c00000)
 ParOldGen       total 1171456K, used 1171120K [0x0000000080000000, 0x00000000c7800000, 0x00000000d5580000)
  object space 1171456K, 99% used [0x0000000080000000,0x00000000c77ac090,0x00000000c7800000)
 Metaspace       used 78156K, committed 79744K, reserved 1179648K
  class space    used 7823K, committed 8512K, reserved 1048576K
}
Event: 87.104 GC heap before
{Heap before GC invocations=1938 (full 3):
 PSYoungGen      total 5120K, used 4640K [0x00000000d5580000, 0x00000000d5d00000, 0x0000000100000000)
  eden space 4096K, 100% used [0x00000000d5580000,0x00000000d5980000,0x00000000d5980000)
  from space 1024K, 53% used [0x00000000d5c00000,0x00000000d5c88000,0x00000000d5d00000)
  to   space 1024K, 0% used [0x00000000d5b00000,0x00000000d5b00000,0x00000000d5c00000)
 ParOldGen       total 1171456K, used 1171120K [0x0000000080000000, 0x00000000c7800000, 0x00000000d5580000)
  object space 1171456K, 99% used [0x0000000080000000,0x00000000c77ac090,0x00000000c7800000)
 Metaspace       used 78156K, committed 79744K, reserved 1179648K
  class space    used 7823K, committed 8512K, reserved 1048576K
}
Event: 87.109 GC heap after
{Heap after GC invocations=1938 (full 3):
 PSYoungGen      total 6144K, used 688K [0x00000000d5580000, 0x00000000d5c80000, 0x0000000100000000)
  eden space 5120K, 0% used [0x00000000d5580000,0x00000000d5580000,0x00000000d5a80000)
  from space 1024K, 67% used [0x00000000d5b00000,0x00000000d5bac010,0x00000000d5c00000)
  to   space 512K, 0% used [0x00000000d5c00000,0x00000000d5c00000,0x00000000d5c80000)
 ParOldGen       total 1171968K, used 1171568K [0x0000000080000000, 0x00000000c7880000, 0x00000000d5580000)
  object space 1171968K, 99% used [0x0000000080000000,0x00000000c781c0b0,0x00000000c7880000)
 Metaspace       used 78156K, committed 79744K, reserved 1179648K
  class space    used 7823K, committed 8512K, reserved 1048576K
}
Event: 87.146 GC heap before
{Heap before GC invocations=1939 (full 3):
 PSYoungGen      total 6144K, used 5808K [0x00000000d5580000, 0x00000000d5c80000, 0x0000000100000000)
  eden space 5120K, 100% used [0x00000000d5580000,0x00000000d5a80000,0x00000000d5a80000)
  from space 1024K, 67% used [0x00000000d5b00000,0x00000000d5bac010,0x00000000d5c00000)
  to   space 512K, 0% used [0x00000000d5c00000,0x00000000d5c00000,0x00000000d5c80000)
 ParOldGen       total 1171968K, used 1171568K [0x0000000080000000, 0x00000000c7880000, 0x00000000d5580000)
  object space 1171968K, 99% used [0x0000000080000000,0x00000000c781c0b0,0x00000000c7880000)
 Metaspace       used 78220K, committed 79808K, reserved 1179648K
  class space    used 7823K, committed 8512K, reserved 1048576K
}
Event: 87.151 GC heap after
{Heap after GC invocations=1939 (full 3):
 PSYoungGen      total 5120K, used 512K [0x00000000d5580000, 0x00000000d5e80000, 0x0000000100000000)
  eden space 4608K, 0% used [0x00000000d5580000,0x00000000d5580000,0x00000000d5a00000)
  from space 512K, 100% used [0x00000000d5c00000,0x00000000d5c80000,0x00000000d5c80000)
  to   space 2048K, 0% used [0x00000000d5a00000,0x00000000d5a00000,0x00000000d5c00000)
 ParOldGen       total 1172992K, used 1172840K [0x0000000080000000, 0x00000000c7980000, 0x00000000d5580000)
  object space 1172992K, 99% used [0x0000000080000000,0x00000000c795a0d0,0x00000000c7980000)
 Metaspace       used 78220K, committed 79808K, reserved 1179648K
  class space    used 7823K, committed 8512K, reserved 1048576K
}
Event: 87.164 GC heap before
{Heap before GC invocations=1940 (full 3):
 PSYoungGen      total 5120K, used 5120K [0x00000000d5580000, 0x00000000d5e80000, 0x0000000100000000)
  eden space 4608K, 100% used [0x00000000d5580000,0x00000000d5a00000,0x00000000d5a00000)
  from space 512K, 100% used [0x00000000d5c00000,0x00000000d5c80000,0x00000000d5c80000)
  to   space 2048K, 0% used [0x00000000d5a00000,0x00000000d5a00000,0x00000000d5c00000)
 ParOldGen       total 1172992K, used 1172840K [0x0000000080000000, 0x00000000c7980000, 0x00000000d5580000)
  object space 1172992K, 99% used [0x0000000080000000,0x00000000c795a0d0,0x00000000c7980000)
 Metaspace       used 78220K, committed 79808K, reserved 1179648K
  class space    used 7823K, committed 8512K, reserved 1048576K
}
Event: 87.168 GC heap after
{Heap after GC invocations=1940 (full 3):
 PSYoungGen      total 6656K, used 1440K [0x00000000d5580000, 0x00000000d5e00000, 0x0000000100000000)
  eden space 4608K, 0% used [0x00000000d5580000,0x00000000d5580000,0x00000000d5a00000)
  from space 2048K, 70% used [0x00000000d5a00000,0x00000000d5b68010,0x00000000d5c00000)
  to   space 2048K, 0% used [0x00000000d5c00000,0x00000000d5c00000,0x00000000d5e00000)
 ParOldGen       total 1173504K, used 1173344K [0x0000000080000000, 0x00000000c7a00000, 0x00000000d5580000)
  object space 1173504K, 99% used [0x0000000080000000,0x00000000c79d8230,0x00000000c7a00000)
 Metaspace       used 78220K, committed 79808K, reserved 1179648K
  class space    used 7823K, committed 8512K, reserved 1048576K
}
Event: 87.176 GC heap before
{Heap before GC invocations=1941 (full 3):
 PSYoungGen      total 6656K, used 6048K [0x00000000d5580000, 0x00000000d5e00000, 0x0000000100000000)
  eden space 4608K, 100% used [0x00000000d5580000,0x00000000d5a00000,0x00000000d5a00000)
  from space 2048K, 70% used [0x00000000d5a00000,0x00000000d5b68010,0x00000000d5c00000)
  to   space 2048K, 0% used [0x00000000d5c00000,0x00000000d5c00000,0x00000000d5e00000)
 ParOldGen       total 1173504K, used 1173344K [0x0000000080000000, 0x00000000c7a00000, 0x00000000d5580000)
  object space 1173504K, 99% used [0x0000000080000000,0x00000000c79d8230,0x00000000c7a00000)
 Metaspace       used 78220K, committed 79808K, reserved 1179648K
  class space    used 7823K, committed 8512K, reserved 1048576K
}
Event: 87.180 GC heap after
{Heap after GC invocations=1941 (full 3):
 PSYoungGen      total 6656K, used 544K [0x00000000d5580000, 0x00000000d5d00000, 0x0000000100000000)
  eden space 5632K, 0% used [0x00000000d5580000,0x00000000d5580000,0x00000000d5b00000)
  from space 1024K, 53% used [0x00000000d5c00000,0x00000000d5c88020,0x00000000d5d00000)
  to   space 1024K, 0% used [0x00000000d5b00000,0x00000000d5b00000,0x00000000d5c00000)
 ParOldGen       total 1175040K, used 1174672K [0x0000000080000000, 0x00000000c7b80000, 0x00000000d5580000)
  object space 1175040K, 99% used [0x0000000080000000,0x00000000c7b24260,0x00000000c7b80000)
 Metaspace       used 78220K, committed 79808K, reserved 1179648K
  class space    used 7823K, committed 8512K, reserved 1048576K
}
Event: 87.199 GC heap before
{Heap before GC invocations=1942 (full 3):
 PSYoungGen      total 6656K, used 6176K [0x00000000d5580000, 0x00000000d5d00000, 0x0000000100000000)
  eden space 5632K, 100% used [0x00000000d5580000,0x00000000d5b00000,0x00000000d5b00000)
  from space 1024K, 53% used [0x00000000d5c00000,0x00000000d5c88020,0x00000000d5d00000)
  to   space 1024K, 0% used [0x00000000d5b00000,0x00000000d5b00000,0x00000000d5c00000)
 ParOldGen       total 1175040K, used 1174672K [0x0000000080000000, 0x00000000c7b80000, 0x00000000d5580000)
  object space 1175040K, 99% used [0x0000000080000000,0x00000000c7b24260,0x00000000c7b80000)
 Metaspace       used 78220K, committed 79808K, reserved 1179648K
  class space    used 7823K, committed 8512K, reserved 1048576K
}
Event: 87.202 GC heap after
{Heap after GC invocations=1942 (full 3):
 PSYoungGen      total 6656K, used 560K [0x00000000d5580000, 0x00000000d5e80000, 0x0000000100000000)
  eden space 5632K, 0% used [0x00000000d5580000,0x00000000d5580000,0x00000000d5b00000)
  from space 1024K, 54% used [0x00000000d5b00000,0x00000000d5b8c010,0x00000000d5c00000)
  to   space 1024K, 0% used [0x00000000d5d80000,0x00000000d5d80000,0x00000000d5e80000)
 ParOldGen       total 1175552K, used 1175076K [0x0000000080000000, 0x00000000c7c00000, 0x00000000d5580000)
  object space 1175552K, 99% used [0x0000000080000000,0x00000000c7b89290,0x00000000c7c00000)
 Metaspace       used 78220K, committed 79808K, reserved 1179648K
  class space    used 7823K, committed 8512K, reserved 1048576K
}
Event: 87.250 GC heap before
{Heap before GC invocations=1943 (full 3):
 PSYoungGen      total 6656K, used 6192K [0x00000000d5580000, 0x00000000d5e80000, 0x0000000100000000)
  eden space 5632K, 100% used [0x00000000d5580000,0x00000000d5b00000,0x00000000d5b00000)
  from space 1024K, 54% used [0x00000000d5b00000,0x00000000d5b8c010,0x00000000d5c00000)
  to   space 1024K, 0% used [0x00000000d5d80000,0x00000000d5d80000,0x00000000d5e80000)
 ParOldGen       total 1175552K, used 1175076K [0x0000000080000000, 0x00000000c7c00000, 0x00000000d5580000)
  object space 1175552K, 99% used [0x0000000080000000,0x00000000c7b89290,0x00000000c7c00000)
 Metaspace       used 78222K, committed 79808K, reserved 1179648K
  class space    used 7823K, committed 8512K, reserved 1048576K
}
Event: 87.255 GC heap after
{Heap after GC invocations=1943 (full 3):
 PSYoungGen      total 6656K, used 976K [0x00000000d5580000, 0x00000000d5e80000, 0x0000000100000000)
  eden space 5632K, 0% used [0x00000000d5580000,0x00000000d5580000,0x00000000d5b00000)
  from space 1024K, 95% used [0x00000000d5d80000,0x00000000d5e74010,0x00000000d5e80000)
  to   space 1536K, 0% used [0x00000000d5b80000,0x00000000d5b80000,0x00000000d5d00000)
 ParOldGen       total 1175552K, used 1175524K [0x0000000080000000, 0x00000000c7c00000, 0x00000000d5580000)
  object space 1175552K, 99% used [0x0000000080000000,0x00000000c7bf92b0,0x00000000c7c00000)
 Metaspace       used 78222K, committed 79808K, reserved 1179648K
  class space    used 7823K, committed 8512K, reserved 1048576K
}
Event: 87.273 GC heap before
{Heap before GC invocations=1944 (full 3):
 PSYoungGen      total 6656K, used 6608K [0x00000000d5580000, 0x00000000d5e80000, 0x0000000100000000)
  eden space 5632K, 100% used [0x00000000d5580000,0x00000000d5b00000,0x00000000d5b00000)
  from space 1024K, 95% used [0x00000000d5d80000,0x00000000d5e74010,0x00000000d5e80000)
  to   space 1536K, 0% used [0x00000000d5b80000,0x00000000d5b80000,0x00000000d5d00000)
 ParOldGen       total 1175552K, used 1175524K [0x0000000080000000, 0x00000000c7c00000, 0x00000000d5580000)
  object space 1175552K, 99% used [0x0000000080000000,0x00000000c7bf92b0,0x00000000c7c00000)
 Metaspace       used 78228K, committed 79808K, reserved 1179648K
  class space    used 7823K, committed 8512K, reserved 1048576K
}
Event: 87.278 GC heap after
{Heap after GC invocations=1944 (full 3):
 PSYoungGen      total 7168K, used 1504K [0x00000000d5580000, 0x00000000d6100000, 0x0000000100000000)
  eden space 5632K, 0% used [0x00000000d5580000,0x00000000d5580000,0x00000000d5b00000)
  from space 1536K, 97% used [0x00000000d5b80000,0x00000000d5cf8010,0x00000000d5d00000)
  to   space 3072K, 0% used [0x00000000d5e00000,0x00000000d5e00000,0x00000000d6100000)
 ParOldGen       total 1177088K, used 1176685K [0x0000000080000000, 0x00000000c7d80000, 0x00000000d5580000)
  object space 1177088K, 99% used [0x0000000080000000,0x00000000c7d1b6f8,0x00000000c7d80000)
 Metaspace       used 78228K, committed 79808K, reserved 1179648K
  class space    used 7823K, committed 8512K, reserved 1048576K
}

